
2017-03-09 18:15:28

Operating System
  Name                        = Microsoft Windows 10 Education
  Version                     = 10.0.10586
  Architecture                = 32bit
  # CPUs                      = 4
  Memory                      = 16945045504

Node.js
  Node.js Version             = 4.6.0
  npm Version                 = 2.15.9

Titanium CLI
  CLI Version                 = 5.0.11

Titanium SDK
  SDK Version                 = 6.0.2.GA
  SDK Path                    = C:\ProgramData\Titanium\mobilesdk\win32\6.0.2.GA
  Target Platform             = android

Command
  C:\Program Files (x86)\nodejs\node.exe C:\Users\Jonatan\.appcelerator\install\6.1.0\package\node_modules\titanium\lib\titanium.js build run --platform android --log-level trace --sdk 6.0.2.GA --project-dir E:\Windows\j0hN\Documents\Dropbox\appcelerator-workspace\TestAlloy --target device --android-sdk C:\Users\Jonatan --device-id 00ed55fd77481979 --skip-js-minify --no-colors --no-progress-bars --no-prompt --prompt-type socket-bundle --prompt-port 52635 --username jonatan.jumbert@gmail.com --password Jumavi0! --config-file C:\Users\Jonatan\AppData\Local\Temp\build-1489079711954.json --no-banner --project-dir E:\Windows\j0hN\Documents\Dropbox\appcelerator-workspace\TestAlloy

[DEBUG]  Detecting modules in C:\ProgramData\Titanium\modules
[DEBUG]  Detected android module: facebook 4.0.5 @ C:\ProgramData\Titanium\modules\android\facebook\4.0.5
[DEBUG]  Detected android module: facebook 6.0.1 @ C:\ProgramData\Titanium\modules\android\facebook\6.0.1
[DEBUG]  Detected android module: hyperloop 2.0.0 @ C:\ProgramData\Titanium\modules\android\hyperloop\2.0.0
[DEBUG]  Detected android module: ti.cloudpush 3.4.1 @ C:\ProgramData\Titanium\modules\android\ti.cloudpush\3.4.1
[DEBUG]  Detected android module: ti.cloudpush 4.0.3 @ C:\ProgramData\Titanium\modules\android\ti.cloudpush\4.0.3
[DEBUG]  Detected android module: ti.map 2.3.4 @ C:\ProgramData\Titanium\modules\android\ti.map\2.3.4
[DEBUG]  Detected android module: ti.map 3.0.1 @ C:\ProgramData\Titanium\modules\android\ti.map\3.0.1
[DEBUG]  Detected android module: ti.touchid 2.0.1 @ C:\ProgramData\Titanium\modules\android\ti.touchid\2.0.1
[DEBUG]  Detected commonjs module: ti.cloud 3.2.11 @ C:\ProgramData\Titanium\modules\commonjs\ti.cloud\3.2.11
[DEBUG]  Detected commonjs module: ti.cloud 3.2.9 @ C:\ProgramData\Titanium\modules\commonjs\ti.cloud\3.2.9
[DEBUG]  Detecting plugins in E:\Windows\j0hN\Documents\Dropbox\appcelerator-workspace\TestAlloy\plugins
[DEBUG]  Detected plugin: ti.alloy @ E:\Windows\j0hN\Documents\Dropbox\appcelerator-workspace\TestAlloy\plugins\ti.alloy
[DEBUG]  Detecting plugins in C:\ProgramData\Titanium\plugins
[DEBUG]  Detected plugin: hyperloop 2.0.0 @ C:\ProgramData\Titanium\plugins\hyperloop\2.0.0
[DEBUG]  Looking for Titanium plugin id=ti.alloy version=1.0
[INFO]   Found Titanium plugin id=ti.alloy version=1.0 
[DEBUG]  Titanium SDK Android directory: C:\ProgramData\Titanium\mobilesdk\win32\6.0.2.GA\android
[INFO]   Deploy type: test
[INFO]   Building for target: device
[INFO]   Building for device: 00ed55fd77481979
[INFO]   Targeting Android SDK API: 23
[INFO]   Building for the following architectures: armeabi-v7a, x86
[INFO]   Signing with keystore: C:\ProgramData\Titanium\mobilesdk\win32\6.0.2.GA\android\dev_keystore (tidev)
[DEBUG]  App ID: com.jonatanjumbert.testalloy
[DEBUG]  Classname: Testalloy
[INFO]   Debugging disabled
[INFO]   Profiler disabled
[INFO]   Forcing rebuild: E:\Windows\j0hN\Documents\Dropbox\appcelerator-workspace\TestAlloy\build\android\build-manifest.json does not exist
[INFO]   Found Alloy app in E:\Windows\j0hN\Documents\Dropbox\appcelerator-workspace\TestAlloy\app
[INFO]   Executing Alloy compile: C:\Program Files (x86)\nodejs\node.exe C:\Users\Jonatan\.appcelerator\install\6.1.0\package\node_modules\alloy\bin\alloy compile E:\Windows\j0hN\Documents\Dropbox\appcelerator-workspace\TestAlloy\app --config platform=android,version=0,simtype=none,devicefamily=none,deploytype=test,target=device --no-colors
[DEBUG]         .__  .__                
[DEBUG]  _____  |  | |  |   ____ ___.__.
[DEBUG]  \__  \ |  | |  |  /  _ <   |  |
[DEBUG]   / __ \|  |_|  |_(  <_> )___  |
[DEBUG]  (____  /____/____/\____// ____|
[DEBUG]       \/                 \/
[DEBUG]  Alloy 1.9.5 by Appcelerator. The MVC app framework for Titanium.
[DEBUG]  ----- CONFIGURATION -----
[DEBUG]  raw config = "platform=android,version=0,simtype=none,devicefamily=none,deploytype=test,target=device"
[DEBUG]  platform = android
[DEBUG]  version = 0
[DEBUG]  simtype = none
[DEBUG]  devicefamily = none
[DEBUG]  deploytype = test
[DEBUG]  target = device
[DEBUG]  project path = E:\Windows\j0hN\Documents\Dropbox\appcelerator-workspace\TestAlloy
[DEBUG]  app path = E:\Windows\j0hN\Documents\Dropbox\appcelerator-workspace\TestAlloy\app
[DEBUG]  
[WARN]   Generated "/i18n" directory is not ignored by Git, please add it to your .gitignore
[WARN]   Generated "/platform" directory is not ignored by Git, please add it to your .gitignore
[DEBUG]  
[DEBUG]  ----- CONFIG.JSON -----
[DEBUG]  dependencies = {}
[INFO]   [config.json] regenerating CFG.js from config.json...
[DEBUG]  {
[DEBUG]    "dependencies": {},
[DEBUG]    "sourcemap": true,
[DEBUG]    "autoStyle": false,
[DEBUG]    "adapters": [
[DEBUG]      "localStorage",
[DEBUG]      "properties",
[DEBUG]      "sql"
[DEBUG]    ]
[DEBUG]  }
[DEBUG]  
[DEBUG]  ----- CLEANING RESOURCES -----
[DEBUG]  Removing orphaned controllers ...
[DEBUG]  Removing orphaned models ...
[DEBUG]  Removing orphaned styles ...
[DEBUG]  Removing orphaned sync adapters...
[DEBUG]  Removing orphaned assets and libs...
[TRACE]  * assets
[DEBUG]  
[DEBUG]  ----- BASE RUNTIME FILES -----
[TRACE]  SRC_DIR=C:\Users\Jonatan\.appcelerator\install\6.1.0\package\node_modules\alloy\Alloy\lib
[TRACE]  Copying SRC_DIR\alloy\sync\sql.js --> Resources\android\alloy\sync\sql.js
[TRACE]  Copying SRC_DIR\alloy\sync\properties.js --> Resources\android\alloy\sync\properties.js
[TRACE]  Copying SRC_DIR\alloy\sync\localStorage.js --> Resources\android\alloy\sync\localStorage.js
[TRACE]  Copying SRC_DIR\alloy\controllers\BaseController.js --> Resources\android\alloy\controllers\BaseController.js
[TRACE]  Copying SRC_DIR\alloy\widget.js --> Resources\android\alloy\widget.js
[TRACE]  Copying SRC_DIR\alloy\underscore.js --> Resources\android\alloy\underscore.js
[TRACE]  
[TRACE]  Generating E:\Windows\j0hN\Documents\Dropbox\appcelerator-workspace\TestAlloy\Resources\android\alloy.js
[TRACE]  SRC_DIR=C:\Users\Jonatan\.appcelerator\install\6.1.0\package\node_modules\alloy\Alloy\common
[TRACE]  Copying SRC_DIR\constants.js --> Resources\android\alloy\constants.js
[TRACE]  
[TRACE]  SRC_DIR=E:\Windows\j0hN\Documents\Dropbox\appcelerator-workspace\TestAlloy\app\assets
[TRACE]  Copying SRC_DIR\android\appicon.png --> Resources\android\appicon.png
[TRACE]  Copying SRC_DIR\android\default.png --> Resources\android\default.png
[TRACE]  Creating directory Resources\android\images\res-long-land-mdpi
[TRACE]  Copying SRC_DIR\android\images\res-long-land-hdpi\default.png --> Resources\android\images\res-long-land-hdpi\default.png
[TRACE]  Copying SRC_DIR\android\images\res-long-land-ldpi\default.png --> Resources\android\images\res-long-land-ldpi\default.png
[TRACE]  Copying SRC_DIR\android\images\res-long-land-mdpi\default.png --> Resources\android\images\res-long-land-mdpi\default.png
[TRACE]  Copying SRC_DIR\android\images\res-long-port-hdpi\default.png --> Resources\android\images\res-long-port-hdpi\default.png
[TRACE]  Copying SRC_DIR\android\images\res-long-port-ldpi\default.png --> Resources\android\images\res-long-port-ldpi\default.png
[TRACE]  Copying SRC_DIR\android\images\res-notlong-land-hdpi\default.png --> Resources\android\images\res-notlong-land-hdpi\default.png
[TRACE]  Copying SRC_DIR\android\images\res-notlong-land-ldpi\default.png --> Resources\android\images\res-notlong-land-ldpi\default.png
[TRACE]  Copying SRC_DIR\android\images\res-notlong-land-mdpi\default.png --> Resources\android\images\res-notlong-land-mdpi\default.png
[TRACE]  Copying SRC_DIR\android\images\res-notlong-port-hdpi\default.png --> Resources\android\images\res-notlong-port-hdpi\default.png
[TRACE]  Copying SRC_DIR\android\images\res-notlong-port-ldpi\default.png --> Resources\android\images\res-notlong-port-ldpi\default.png
[TRACE]  Copying SRC_DIR\android\images\res-notlong-port-mdpi\default.png --> Resources\android\images\res-notlong-port-mdpi\default.png
[TRACE]  
[DEBUG]  
[DEBUG]  
[INFO]   ----- MVC GENERATION -----
[INFO]   [app.tss] global style processing...
[INFO]   [global style] writing to cache...
[INFO]   [index.xml] view processing...
[INFO]   style:      "index.tss"
[INFO]   view:       "index.xml"
[INFO]   controller: "index.js"
[TRACE]  - Processing "builtins" module...
[TRACE]  - Processing "optimizer" module...
[TRACE]  - Processing "compress" module...
[INFO]   created:    "Resources\android\alloy\controllers\index.js"
[DEBUG]  map:        "build\map\Resources\android\alloy\controllers\index.js.map"
[INFO]   created:     "Resources\android\alloy\styles\index.js"
[INFO]   
[INFO]   [app.js] Titanium entry point processing...
[TRACE]  - Processing "builtins" module...
[TRACE]  - Processing "optimizer" module...
[TRACE]  - Processing "compress" module...
[INFO]   created:    "Resources\android\app.js"
[DEBUG]  map:        "build\map\Resources\android\app.js.map"
[INFO]   
[INFO]   ----- OPTIMIZING -----
[INFO]   - alloy\CFG.js
[TRACE]  processing "builtins" module...
[TRACE]  processing "optimizer" module...
[TRACE]  processing "compress" module...
[INFO]   - android\alloy.js
[TRACE]  processing "builtins" module...
[TRACE]  processing "optimizer" module...
[TRACE]  processing "compress" module...
[INFO]   - android\alloy\sync\localStorage.js
[TRACE]  processing "builtins" module...
[TRACE]  processing "optimizer" module...
[TRACE]  processing "compress" module...
[INFO]   - android\alloy\sync\properties.js
[TRACE]  processing "builtins" module...
[TRACE]  processing "optimizer" module...
[TRACE]  processing "compress" module...
[INFO]   - android\alloy\sync\sql.js
[TRACE]  processing "builtins" module...
[TRACE]  processing "optimizer" module...
[TRACE]  processing "compress" module...
[TRACE]  
[TRACE]  Benchmarking
[TRACE]  ------------
[TRACE]  [1.69244s] TOTAL
[INFO]   
[INFO]   Alloy compiled in 1.69244s
[INFO]   Alloy compiler completed successfully
[TRACE]  offline build file C:\Users\Jonatan\AppData\Local\Temp\build-2f87c57d146da5d2740d994f64823abe06e9f4ff.json
[TRACE]  online 1
[TRACE]  sending request {"json":{"username":"jonatan.jumbert@gmail.com","session":"ae41b0c8ec6aac9b382d29122a71fb2a58d91bb5 coB+LGRuIB7y4teL7OXU5JOERJ7AKMp/BwelnDKDrwNfCHWrJ7hwNGalmhNwLXHuWeVFRT3snFDl1SwwoWg7pTTFbbyT0q3+/yddQkemv5Syzjrzo95YMoam3obe3Uzox6CImPgtitwoFdPVP8+XYl46JlTF7w4TMjkymuxqI/7II5m+G3jB6g5CHn7V5jhx/tdiUtKwwnxKN5lZYA5VNi1ux0bae2Bui3D8oaYGVcd4x50wO/4FtBcnt/l/WbKwjf9rObtLEqMVW/Yvs7vSuM6C4S5ak6+5uUs4doY0Zbj2dtALgzNzy0jDLJRDpCSw/C1Or7N9a0fMM0zz2fpx1Lv9pFfim58B1skvi7ZVrU80vsVhOs4+EK1z8RPDhcLOErC151Lu+A0KWLWHXcO6qglFYwVfRSJitV1uSbX8vslwNpyt93hRgyPHJhF5Usof2PoTN31GOn6v53OzFIGherDS//rtVTER7uv/7RTxrINMOEd4U7LxGnnXQ7vLsjwwhNKeBKLkNXrCqg7fkInd8QCpBCLbRUVTXIK/TSTkroojLIEBsifrqt1amm1Izj2iHMg+D2L1aWzVmq68oUnGXLMS/ZRxbwYK/Oyc0p0QH9UBetSvbmLKL6RjGsbySscRgHBgwXmLvje6GcPNwT+rwNstNntvobTrWQulpSnjXZ1zzhli1cZzdxIbPOwd7P/L2m2hDM7MRsKPap7dhiia+tDFcIzUJNDda4QgmNbEvYrmHguceUcAAUS+bhbxBl9W97P7QAZEUfhLp0YOqquOfpT2KEcu5zIm+7Z+VVBeeeqh1y3nHZmu0+7e57IrkhCZ","ipaddress":"169.254.80.80","fingerprint":"cde7c6847dca43eba70f85a395a68838f3212716","fingerprint_description":"Windows Machine ID: 481585cd-4322-41eb-b4dd-ebb582b84ada","guid":"341b55dc-4b6f-4767-9666-2c68bcebfbb8","appid":"com.jonatanjumbert.testalloy","name":"TestAlloy","org_id":343409648165106,"deploytype":"test","tiappxml":"<?xml version=\"1.0\" encoding=\"UTF-8\"?>\n<ti:app \n  xmlns:ti=\"http://ti.appcelerator.org\">\n  <id>com.jonatanjumbert.testalloy</id>\n  <name>TestAlloy</name>\n  <version>1.0</version>\n  <publisher>Jonatan</publisher>\n  <url>http://jonatanjumbert.com</url>\n  <description/>\n  <copyright>2017 by Jonatan</copyright>\n  <icon>appicon.png</icon>\n  <fullscreen>false</fullscreen>\n  <navbar-hidden>false</navbar-hidden>\n  <analytics>true</analytics>\n  <guid>341b55dc-4b6f-4767-9666-2c68bcebfbb8</guid>\n  <property name=\"ti.ui.defaultunit\" type=\"string\">dp</property>\n  <property name=\"run-on-main-thread\" type=\"bool\">***</property>\n  <ios>\n    <enable-launch-screen-storyboard>true</enable-launch-screen-storyboard>\n    <use-app-thinning>true</use-app-thinning>\n    <plist>\n      <dict>\n        <key>UISupportedInterfaceOrientations~iphone</key>\n        <array>\n          <string>UIInterfaceOrientationPortrait</string>\n        </array>\n        <key>UISupportedInterfaceOrientations~ipad</key>\n        <array>\n          <string>UIInterfaceOrientationPortrait</string>\n          <string>UIInterfaceOrientationPortraitUpsideDown</string>\n          <string>UIInterfaceOrientationLandscapeLeft</string>\n          <string>UIInterfaceOrientationLandscapeRight</string>\n        </array>\n        <key>UIRequiresPersistentWiFi</key>\n        <false/>\n        <key>UIPrerenderedIcon</key>\n        <false/>\n        <key>UIStatusBarHidden</key>\n        <false/>\n        <key>UIStatusBarStyle</key>\n        <string>UIStatusBarStyleDefault</string>\n      </dict>\n    </plist>\n  </ios>\n  <android \n    xmlns:android=\"http://schemas.android.com/apk/res/android\"/>\n    <mobileweb>\n      <precache/>\n      <splash>\n        <enabled>true</enabled>\n        <inline-css-images>true</inline-css-images>\n      </splash>\n      <theme>default</theme>\n    </mobileweb>\n    <modules/>\n    <deployment-targets>\n      <target device=\"iphone\">false</target>\n      <target device=\"ipad\">false</target>\n      <target device=\"android\">true</target>\n      <target device=\"mobileweb\">false</target>\n      <target device=\"windows\">false</target>\n    </deployment-targets>\n    <sdk-version>6.0.2.GA</sdk-version>\n    <plugins>\n      <plugin version=\"1.0\">ti.alloy</plugin>\n    </plugins>\n    <property name=\"appc-app-id\" type=\"string\">58c18c62e181340305c1f06f</property>\n  </ti:app>","modules":[]},"gzip":true,"followAllRedirects":true,"url":"https://security.appcelerator.com/build-verify"}
[TRACE]  result from /build-verify=> {"key":"sALWpocBwiaB4cUr/HZ8AA==","pepper":"liWCXPztAULNtc9hgdS9sQ==","hmacKey":"RlMZ2gaBRKK7jAPnm6xzFg==","o":343409648165106,"u":"686a5fb4-b6fb-421d-925e-a7024e8f8c58","p":"free","i":"58c18dc27c9ab20940ca400a","success":true}, err=null
[INFO]   JavaScript files need to be encrypted
[DEBUG]  Copying E:\Windows\j0hN\Documents\Dropbox\appcelerator-workspace\TestAlloy\Resources
[DEBUG]  Ignoring E:\Windows\j0hN\Documents\Dropbox\appcelerator-workspace\TestAlloy\Resources\android
[DEBUG]  Copying E:\Windows\j0hN\Documents\Dropbox\appcelerator-workspace\TestAlloy\Resources\android
[DEBUG]  Copying E:\Windows\j0hN\Documents\Dropbox\appcelerator-workspace\TestAlloy\Resources\android\appicon.png => E:\Windows\j0hN\Documents\Dropbox\appcelerator-workspace\TestAlloy\build\android\bin\assets\Resources\appicon.png
[DEBUG]  Copying E:\Windows\j0hN\Documents\Dropbox\appcelerator-workspace\TestAlloy\Resources\android\default.png => E:\Windows\j0hN\Documents\Dropbox\appcelerator-workspace\TestAlloy\build\android\res\drawable\background.png
[DEBUG]  Copying E:\Windows\j0hN\Documents\Dropbox\appcelerator-workspace\TestAlloy\Resources\android\images\res-long-land-hdpi\default.png => E:\Windows\j0hN\Documents\Dropbox\appcelerator-workspace\TestAlloy\build\android\res\drawable-long-land-hdpi\background.png
[DEBUG]  Copying E:\Windows\j0hN\Documents\Dropbox\appcelerator-workspace\TestAlloy\Resources\android\images\res-long-land-ldpi\default.png => E:\Windows\j0hN\Documents\Dropbox\appcelerator-workspace\TestAlloy\build\android\res\drawable-long-land-ldpi\background.png
[DEBUG]  Copying E:\Windows\j0hN\Documents\Dropbox\appcelerator-workspace\TestAlloy\Resources\android\images\res-long-land-mdpi\default.png => E:\Windows\j0hN\Documents\Dropbox\appcelerator-workspace\TestAlloy\build\android\res\drawable-long-land-mdpi\background.png
[DEBUG]  Copying E:\Windows\j0hN\Documents\Dropbox\appcelerator-workspace\TestAlloy\Resources\android\images\res-long-port-hdpi\default.png => E:\Windows\j0hN\Documents\Dropbox\appcelerator-workspace\TestAlloy\build\android\res\drawable-long-port-hdpi\background.png
[DEBUG]  Copying E:\Windows\j0hN\Documents\Dropbox\appcelerator-workspace\TestAlloy\Resources\android\images\res-long-port-ldpi\default.png => E:\Windows\j0hN\Documents\Dropbox\appcelerator-workspace\TestAlloy\build\android\res\drawable-long-port-ldpi\background.png
[DEBUG]  Copying E:\Windows\j0hN\Documents\Dropbox\appcelerator-workspace\TestAlloy\Resources\android\images\res-notlong-land-hdpi\default.png => E:\Windows\j0hN\Documents\Dropbox\appcelerator-workspace\TestAlloy\build\android\res\drawable-notlong-land-hdpi\background.png
[DEBUG]  Copying E:\Windows\j0hN\Documents\Dropbox\appcelerator-workspace\TestAlloy\Resources\android\images\res-notlong-land-ldpi\default.png => E:\Windows\j0hN\Documents\Dropbox\appcelerator-workspace\TestAlloy\build\android\res\drawable-notlong-land-ldpi\background.png
[DEBUG]  Copying E:\Windows\j0hN\Documents\Dropbox\appcelerator-workspace\TestAlloy\Resources\android\images\res-notlong-land-mdpi\default.png => E:\Windows\j0hN\Documents\Dropbox\appcelerator-workspace\TestAlloy\build\android\res\drawable-notlong-land-mdpi\background.png
[DEBUG]  Copying E:\Windows\j0hN\Documents\Dropbox\appcelerator-workspace\TestAlloy\Resources\android\images\res-notlong-port-hdpi\default.png => E:\Windows\j0hN\Documents\Dropbox\appcelerator-workspace\TestAlloy\build\android\res\drawable-notlong-port-hdpi\background.png
[DEBUG]  Copying E:\Windows\j0hN\Documents\Dropbox\appcelerator-workspace\TestAlloy\Resources\android\images\res-notlong-port-ldpi\default.png => E:\Windows\j0hN\Documents\Dropbox\appcelerator-workspace\TestAlloy\build\android\res\drawable-notlong-port-ldpi\background.png
[DEBUG]  Copying E:\Windows\j0hN\Documents\Dropbox\appcelerator-workspace\TestAlloy\Resources\android\images\res-notlong-port-mdpi\default.png => E:\Windows\j0hN\Documents\Dropbox\appcelerator-workspace\TestAlloy\build\android\res\drawable-notlong-port-mdpi\background.png
[DEBUG]  Copying E:\Windows\j0hN\Documents\Dropbox\appcelerator-workspace\TestAlloy\platform\android\alloy_generated => E:\Windows\j0hN\Documents\Dropbox\appcelerator-workspace\TestAlloy\build\android\alloy_generated
[DEBUG]  Copying E:\Windows\j0hN\Documents\Dropbox\appcelerator-workspace\TestAlloy\build\android\bin\assets\Resources\appicon.png => E:\Windows\j0hN\Documents\Dropbox\appcelerator-workspace\TestAlloy\build\android\res\drawable\appicon.png
[INFO]   Processing JavaScript files
[DEBUG]  Copying E:\Windows\j0hN\Documents\Dropbox\appcelerator-workspace\TestAlloy\Resources\android\alloy\CFG.js => E:\Windows\j0hN\Documents\Dropbox\appcelerator-workspace\TestAlloy\build\android\assets\alloy\CFG.js
[DEBUG]  Copying E:\Windows\j0hN\Documents\Dropbox\appcelerator-workspace\TestAlloy\Resources\android\app.js => E:\Windows\j0hN\Documents\Dropbox\appcelerator-workspace\TestAlloy\build\android\assets\app.js
[DEBUG]  Copying E:\Windows\j0hN\Documents\Dropbox\appcelerator-workspace\TestAlloy\Resources\android\alloy\backbone.js => E:\Windows\j0hN\Documents\Dropbox\appcelerator-workspace\TestAlloy\build\android\assets\alloy\backbone.js
[DEBUG]  Copying E:\Windows\j0hN\Documents\Dropbox\appcelerator-workspace\TestAlloy\Resources\android\alloy\constants.js => E:\Windows\j0hN\Documents\Dropbox\appcelerator-workspace\TestAlloy\build\android\assets\alloy\constants.js
[DEBUG]  Copying E:\Windows\j0hN\Documents\Dropbox\appcelerator-workspace\TestAlloy\Resources\android\alloy\controllers\BaseController.js => E:\Windows\j0hN\Documents\Dropbox\appcelerator-workspace\TestAlloy\build\android\assets\alloy\controllers\BaseController.js
[DEBUG]  Copying E:\Windows\j0hN\Documents\Dropbox\appcelerator-workspace\TestAlloy\Resources\android\alloy\controllers\index.js => E:\Windows\j0hN\Documents\Dropbox\appcelerator-workspace\TestAlloy\build\android\assets\alloy\controllers\index.js
[DEBUG]  Copying E:\Windows\j0hN\Documents\Dropbox\appcelerator-workspace\TestAlloy\Resources\android\alloy\styles\index.js => E:\Windows\j0hN\Documents\Dropbox\appcelerator-workspace\TestAlloy\build\android\assets\alloy\styles\index.js
[DEBUG]  Copying E:\Windows\j0hN\Documents\Dropbox\appcelerator-workspace\TestAlloy\Resources\android\alloy\sync\localStorage.js => E:\Windows\j0hN\Documents\Dropbox\appcelerator-workspace\TestAlloy\build\android\assets\alloy\sync\localStorage.js
[DEBUG]  Copying E:\Windows\j0hN\Documents\Dropbox\appcelerator-workspace\TestAlloy\Resources\android\alloy\sync\properties.js => E:\Windows\j0hN\Documents\Dropbox\appcelerator-workspace\TestAlloy\build\android\assets\alloy\sync\properties.js
[DEBUG]  Copying E:\Windows\j0hN\Documents\Dropbox\appcelerator-workspace\TestAlloy\Resources\android\alloy\sync\sql.js => E:\Windows\j0hN\Documents\Dropbox\appcelerator-workspace\TestAlloy\build\android\assets\alloy\sync\sql.js
[DEBUG]  Copying E:\Windows\j0hN\Documents\Dropbox\appcelerator-workspace\TestAlloy\Resources\android\alloy\underscore.js => E:\Windows\j0hN\Documents\Dropbox\appcelerator-workspace\TestAlloy\build\android\assets\alloy\underscore.js
[DEBUG]  Copying E:\Windows\j0hN\Documents\Dropbox\appcelerator-workspace\TestAlloy\Resources\android\alloy\widget.js => E:\Windows\j0hN\Documents\Dropbox\appcelerator-workspace\TestAlloy\build\android\assets\alloy\widget.js
[DEBUG]  Copying E:\Windows\j0hN\Documents\Dropbox\appcelerator-workspace\TestAlloy\Resources\android\alloy.js => E:\Windows\j0hN\Documents\Dropbox\appcelerator-workspace\TestAlloy\build\android\assets\alloy.js
[INFO]   Encrypting JavaScript files: C:\ProgramData\Titanium\mobilesdk\win32\6.0.2.GA\android\titanium_prep.win32.exe "com.jonatanjumbert.testalloy" "E:\Windows\j0hN\Documents\Dropbox\appcelerator-workspace\TestAlloy\build\android\assets" "alloy/CFG.js" "app.js" "alloy/backbone.js" "alloy/constants.js" "alloy/controllers/BaseController.js" "alloy/controllers/index.js" "alloy/styles/index.js" "alloy/sync/localStorage.js" "alloy/sync/properties.js" "alloy/sync/sql.js" "alloy/underscore.js" "alloy/widget.js" "alloy.js" "_app_props_.json"
[DEBUG]  Adding library C:\ProgramData\Titanium\mobilesdk\win32\6.0.2.GA\android\kroll-v8.jar
[DEBUG]  Adding library C:\ProgramData\Titanium\mobilesdk\win32\6.0.2.GA\android\modules\titanium-analytics.jar
[DEBUG]  Adding dependency library C:\ProgramData\Titanium\mobilesdk\win32\6.0.2.GA\android\aps-analytics.jar
[DEBUG]  Adding library C:\ProgramData\Titanium\mobilesdk\win32\6.0.2.GA\android\modules\titanium-android.jar
[DEBUG]  Adding dependency library C:\ProgramData\Titanium\mobilesdk\win32\6.0.2.GA\android\jaxen-1.1.1.jar
[DEBUG]  Adding dependency library C:\ProgramData\Titanium\mobilesdk\win32\6.0.2.GA\android\ti-commons-codec-1.3.jar
[DEBUG]  Adding dependency library C:\ProgramData\Titanium\mobilesdk\win32\6.0.2.GA\android\kroll-common.jar
[DEBUG]  Adding dependency library C:\ProgramData\Titanium\mobilesdk\win32\6.0.2.GA\android\titanium.jar
[DEBUG]  Adding dependency library C:\ProgramData\Titanium\mobilesdk\win32\6.0.2.GA\android\android-support-multidex.jar
[DEBUG]  Adding library C:\ProgramData\Titanium\mobilesdk\win32\6.0.2.GA\android\modules\titanium-filesystem.jar
[DEBUG]  Adding library C:\ProgramData\Titanium\mobilesdk\win32\6.0.2.GA\android\modules\titanium-app.jar
[DEBUG]  Adding library C:\ProgramData\Titanium\mobilesdk\win32\6.0.2.GA\android\modules\titanium-ui.jar
[DEBUG]  Adding dependency library C:\ProgramData\Titanium\mobilesdk\win32\6.0.2.GA\android\nineoldandroids-appc-2.4.0.jar
[DEBUG]  Adding library C:\ProgramData\Titanium\mobilesdk\win32\6.0.2.GA\android\modules\titanium-media.jar
[DEBUG]  Adding library C:\ProgramData\Titanium\mobilesdk\win32\6.0.2.GA\android\modules\titanium-appcompat.jar
[DEBUG]  Adding dependency library C:\ProgramData\Titanium\mobilesdk\win32\6.0.2.GA\android\android-support-v4.jar
[DEBUG]  Adding dependency library C:\ProgramData\Titanium\mobilesdk\win32\6.0.2.GA\android\android-support-v7-appcompat.jar
[DEBUG]  Adding library C:\ProgramData\Titanium\mobilesdk\win32\6.0.2.GA\android\modules\titanium-cardview.jar
[DEBUG]  Adding dependency library C:\ProgramData\Titanium\mobilesdk\win32\6.0.2.GA\android\cardview-v7-23.0.1.jar
[DEBUG]  Adding library C:\ProgramData\Titanium\mobilesdk\win32\6.0.2.GA\android\modules\titanium-locale.jar
[DEBUG]  Adding library C:\ProgramData\Titanium\mobilesdk\win32\6.0.2.GA\android\modules\titanium-network.jar
[DEBUG]  Adding library C:\ProgramData\Titanium\mobilesdk\win32\6.0.2.GA\android\modules\titanium-xml.jar
[DEBUG]  Adding library C:\ProgramData\Titanium\mobilesdk\win32\6.0.2.GA\android\modules\titanium-platform.jar
[DEBUG]  Unknown namespace api, skipping
[DEBUG]  Adding library C:\ProgramData\Titanium\mobilesdk\win32\6.0.2.GA\android\modules\titanium-database.jar
[DEBUG]  Unknown namespace platform.displaycaps, skipping
[INFO]   Writing E:\Windows\j0hN\Documents\Dropbox\appcelerator-workspace\TestAlloy\build\android\bin\assets\app.json
[INFO]   Extracting module resources: C:\ProgramData\Titanium\mobilesdk\win32\6.0.2.GA\android\modules\titanium-analytics.res.zip
[DEBUG]  Copying C:\Users\Jonatan\AppData\Local\Temp\11729-2548-88j4q0\res\values\strings.xml => E:\Windows\j0hN\Documents\Dropbox\appcelerator-workspace\TestAlloy\build\android\res\values\strings.xml
[INFO]   Extracting module resources: C:\ProgramData\Titanium\mobilesdk\win32\6.0.2.GA\android\modules\titanium-android.res.zip
[DEBUG]  Merging C:\Users\Jonatan\AppData\Local\Temp\11729-2548-1fr4m03\res\values\strings.xml => E:\Windows\j0hN\Documents\Dropbox\appcelerator-workspace\TestAlloy\build\android\res\values\strings.xml
[INFO]   Extracting module resources: C:\ProgramData\Titanium\mobilesdk\win32\6.0.2.GA\android\modules\titanium-filesystem.res.zip
[DEBUG]  Merging C:\Users\Jonatan\AppData\Local\Temp\11729-2548-12nkzeq\res\values\strings.xml => E:\Windows\j0hN\Documents\Dropbox\appcelerator-workspace\TestAlloy\build\android\res\values\strings.xml
[INFO]   Extracting module resources: C:\ProgramData\Titanium\mobilesdk\win32\6.0.2.GA\android\modules\titanium-app.res.zip
[DEBUG]  Merging C:\Users\Jonatan\AppData\Local\Temp\11729-2548-1ui6xf7\res\values\strings.xml => E:\Windows\j0hN\Documents\Dropbox\appcelerator-workspace\TestAlloy\build\android\res\values\strings.xml
[INFO]   Extracting module resources: C:\ProgramData\Titanium\mobilesdk\win32\6.0.2.GA\android\modules\titanium-media.res.zip
[DEBUG]  Merging C:\Users\Jonatan\AppData\Local\Temp\11729-2548-iuqzmu\res\values\strings.xml => E:\Windows\j0hN\Documents\Dropbox\appcelerator-workspace\TestAlloy\build\android\res\values\strings.xml
[INFO]   Extracting module resources: C:\ProgramData\Titanium\mobilesdk\win32\6.0.2.GA\android\modules\titanium-locale.res.zip
[DEBUG]  Merging C:\Users\Jonatan\AppData\Local\Temp\11729-2548-1rwz37u\res\values\strings.xml => E:\Windows\j0hN\Documents\Dropbox\appcelerator-workspace\TestAlloy\build\android\res\values\strings.xml
[INFO]   Extracting module resources: C:\ProgramData\Titanium\mobilesdk\win32\6.0.2.GA\android\modules\titanium-network.res.zip
[DEBUG]  Merging C:\Users\Jonatan\AppData\Local\Temp\11729-2548-1uj8fg3\res\values\strings.xml => E:\Windows\j0hN\Documents\Dropbox\appcelerator-workspace\TestAlloy\build\android\res\values\strings.xml
[INFO]   Extracting module resources: C:\ProgramData\Titanium\mobilesdk\win32\6.0.2.GA\android\modules\titanium-xml.res.zip
[DEBUG]  Merging C:\Users\Jonatan\AppData\Local\Temp\11729-2548-1k7ptwp\res\values\strings.xml => E:\Windows\j0hN\Documents\Dropbox\appcelerator-workspace\TestAlloy\build\android\res\values\strings.xml
[INFO]   Extracting module resources: C:\ProgramData\Titanium\mobilesdk\win32\6.0.2.GA\android\modules\titanium-platform.res.zip
[DEBUG]  Merging C:\Users\Jonatan\AppData\Local\Temp\11729-2548-agpi6l\res\values\strings.xml => E:\Windows\j0hN\Documents\Dropbox\appcelerator-workspace\TestAlloy\build\android\res\values\strings.xml
[INFO]   Extracting module resources: C:\ProgramData\Titanium\mobilesdk\win32\6.0.2.GA\android\modules\titanium-database.res.zip
[DEBUG]  Merging C:\Users\Jonatan\AppData\Local\Temp\11729-2548-dawnzl\res\values\strings.xml => E:\Windows\j0hN\Documents\Dropbox\appcelerator-workspace\TestAlloy\build\android\res\values\strings.xml
[DEBUG]  Copying template C:\ProgramData\Titanium\mobilesdk\win32\6.0.2.GA\android\templates\build\AppInfo.java => E:\Windows\j0hN\Documents\Dropbox\appcelerator-workspace\TestAlloy\build\android\gen\com\jonatanjumbert\testalloy\TestalloyAppInfo.java
[DEBUG]  Copying template C:\ProgramData\Titanium\mobilesdk\win32\6.0.2.GA\android\templates\build\App.java => E:\Windows\j0hN\Documents\Dropbox\appcelerator-workspace\TestAlloy\build\android\gen\com\jonatanjumbert\testalloy\TestalloyApplication.java
[DEBUG]  Copying template C:\ProgramData\Titanium\mobilesdk\win32\6.0.2.GA\android\templates\build\Activity.java => E:\Windows\j0hN\Documents\Dropbox\appcelerator-workspace\TestAlloy\build\android\gen\com\jonatanjumbert\testalloy\TestalloyActivity.java
[DEBUG]  Copying template C:\ProgramData\Titanium\mobilesdk\win32\6.0.2.GA\android\templates\build\project => E:\Windows\j0hN\Documents\Dropbox\appcelerator-workspace\TestAlloy\build\android\.project
[DEBUG]  Copying template C:\ProgramData\Titanium\mobilesdk\win32\6.0.2.GA\android\templates\build\default.properties => E:\Windows\j0hN\Documents\Dropbox\appcelerator-workspace\TestAlloy\build\android\default.properties
[DEBUG]  Copiando C:\ProgramData\Titanium\mobilesdk\win32\6.0.2.GA\android\templates\build\gitignore => E:\Windows\j0hN\Documents\Dropbox\appcelerator-workspace\TestAlloy\build\android\.gitignore
[DEBUG]  Copiando C:\ProgramData\Titanium\mobilesdk\win32\6.0.2.GA\android\templates\build\classpath => E:\Windows\j0hN\Documents\Dropbox\appcelerator-workspace\TestAlloy\build\android\.classpath
[INFO]   No aidl files to compile, continuing
[INFO]   Generating i18n files
[DEBUG]  Compiling localization files
[DEBUG]  Merging en strings => E:\Windows\j0hN\Documents\Dropbox\appcelerator-workspace\TestAlloy\build\android\res\values\strings.xml
[INFO]   Generating E:\Windows\j0hN\Documents\Dropbox\appcelerator-workspace\TestAlloy\build\android\res\values\theme.xml
[INFO]   Packaging application: C:\Users\Jonatan\build-tools\23.0.1\aapt.exe "package" "-f" "-m" "-J" "E:\Windows\j0hN\Documents\Dropbox\appcelerator-workspace\TestAlloy\build\android\gen" "-M" "E:\Windows\j0hN\Documents\Dropbox\appcelerator-workspace\TestAlloy\build\android\AndroidManifest.xml" "-A" "E:\Windows\j0hN\Documents\Dropbox\appcelerator-workspace\TestAlloy\build\android\bin\assets" "-S" "E:\Windows\j0hN\Documents\Dropbox\appcelerator-workspace\TestAlloy\build\android\res" "-I" "C:\Users\Jonatan\platforms\android-23\android.jar" "-F" "E:\Windows\j0hN\Documents\Dropbox\appcelerator-workspace\TestAlloy\build\android\bin\app.ap_" "--auto-add-overlay" "--extra-packages" "ti.modules.titanium.ui:android.support.v7.appcompat:android.support.v7.cardview" "-S" "C:\Users\Jonatan\AppData\Local\Temp\11729-2548-129s319/res" "-S" "C:\Users\Jonatan\AppData\Local\Temp\11729-2548-s5fb2f/res" "-S" "C:\Users\Jonatan\AppData\Local\Temp\11729-2548-wolcn7/res"
[INFO]   Building Java source files: C:\Program Files (x86)\Java\jdk1.7.0_80\bin\javac.exe "-J-Xmx1024M" "-encoding" "utf8" "-bootclasspath" "C:\Users\Jonatan\platforms\android-23\android.jar;C:\ProgramData\Titanium\mobilesdk\win32\6.0.2.GA\android\kroll-v8.jar;C:\ProgramData\Titanium\mobilesdk\win32\6.0.2.GA\android\modules\titanium-analytics.jar;C:\ProgramData\Titanium\mobilesdk\win32\6.0.2.GA\android\aps-analytics.jar;C:\ProgramData\Titanium\mobilesdk\win32\6.0.2.GA\android\modules\titanium-android.jar;C:\ProgramData\Titanium\mobilesdk\win32\6.0.2.GA\android\jaxen-1.1.1.jar;C:\ProgramData\Titanium\mobilesdk\win32\6.0.2.GA\android\ti-commons-codec-1.3.jar;C:\ProgramData\Titanium\mobilesdk\win32\6.0.2.GA\android\kroll-common.jar;C:\ProgramData\Titanium\mobilesdk\win32\6.0.2.GA\android\titanium.jar;C:\ProgramData\Titanium\mobilesdk\win32\6.0.2.GA\android\android-support-multidex.jar;C:\ProgramData\Titanium\mobilesdk\win32\6.0.2.GA\android\modules\titanium-filesystem.jar;C:\ProgramData\Titanium\mobilesdk\win32\6.0.2.GA\android\modules\titanium-app.jar;C:\ProgramData\Titanium\mobilesdk\win32\6.0.2.GA\android\modules\titanium-ui.jar;C:\ProgramData\Titanium\mobilesdk\win32\6.0.2.GA\android\nineoldandroids-appc-2.4.0.jar;C:\ProgramData\Titanium\mobilesdk\win32\6.0.2.GA\android\modules\titanium-media.jar;C:\ProgramData\Titanium\mobilesdk\win32\6.0.2.GA\android\modules\titanium-appcompat.jar;C:\ProgramData\Titanium\mobilesdk\win32\6.0.2.GA\android\android-support-v4.jar;C:\ProgramData\Titanium\mobilesdk\win32\6.0.2.GA\android\android-support-v7-appcompat.jar;C:\ProgramData\Titanium\mobilesdk\win32\6.0.2.GA\android\modules\titanium-cardview.jar;C:\ProgramData\Titanium\mobilesdk\win32\6.0.2.GA\android\cardview-v7-23.0.1.jar;C:\ProgramData\Titanium\mobilesdk\win32\6.0.2.GA\android\modules\titanium-locale.jar;C:\ProgramData\Titanium\mobilesdk\win32\6.0.2.GA\android\modules\titanium-network.jar;C:\ProgramData\Titanium\mobilesdk\win32\6.0.2.GA\android\modules\titanium-xml.jar;C:\ProgramData\Titanium\mobilesdk\win32\6.0.2.GA\android\modules\titanium-platform.jar;C:\ProgramData\Titanium\mobilesdk\win32\6.0.2.GA\android\modules\titanium-database.jar;C:\ProgramData\Titanium\mobilesdk\win32\6.0.2.GA\android\lib\titanium-verify.jar;R.class;AssetCryptImpl.class;TestalloyActivity.class;TestalloyAppInfo.class;TestalloyApplication.class" "-d" "E:\Windows\j0hN\Documents\Dropbox\appcelerator-workspace\TestAlloy\build\android\bin\classes" "-proc:none" "-target" "1.6" "-source" "1.6" "@E:\Windows\j0hN\Documents\Dropbox\appcelerator-workspace\TestAlloy\build\android\java-sources.txt"
[INFO]   Running dexer: C:\Program Files (x86)\Java\jdk1.7.0_80\bin\java.exe "-Xmx1024M" "-XX:-UseGCOverheadLimit" "-Djava.ext.dirs=C:\Users\Jonatan\platform-tools" "-jar" "C:\Users\Jonatan\build-tools\23.0.1\lib\dx.jar" "--dex" "--multi-dex" "--output=E:\Windows\j0hN\Documents\Dropbox\appcelerator-workspace\TestAlloy\build\android\bin\dexfiles" "E:\Windows\j0hN\Documents\Dropbox\appcelerator-workspace\TestAlloy\build\android\bin\classes" "C:\ProgramData\Titanium\mobilesdk\win32\6.0.2.GA\android\lib\titanium-verify.jar" "C:\ProgramData\Titanium\mobilesdk\win32\6.0.2.GA\android\kroll-v8.jar" "C:\ProgramData\Titanium\mobilesdk\win32\6.0.2.GA\android\modules\titanium-analytics.jar" "C:\ProgramData\Titanium\mobilesdk\win32\6.0.2.GA\android\aps-analytics.jar" "C:\ProgramData\Titanium\mobilesdk\win32\6.0.2.GA\android\modules\titanium-android.jar" "C:\ProgramData\Titanium\mobilesdk\win32\6.0.2.GA\android\jaxen-1.1.1.jar" "C:\ProgramData\Titanium\mobilesdk\win32\6.0.2.GA\android\ti-commons-codec-1.3.jar" "C:\ProgramData\Titanium\mobilesdk\win32\6.0.2.GA\android\kroll-common.jar" "C:\ProgramData\Titanium\mobilesdk\win32\6.0.2.GA\android\titanium.jar" "C:\ProgramData\Titanium\mobilesdk\win32\6.0.2.GA\android\android-support-multidex.jar" "C:\ProgramData\Titanium\mobilesdk\win32\6.0.2.GA\android\modules\titanium-filesystem.jar" "C:\ProgramData\Titanium\mobilesdk\win32\6.0.2.GA\android\modules\titanium-app.jar" "C:\ProgramData\Titanium\mobilesdk\win32\6.0.2.GA\android\modules\titanium-ui.jar" "C:\ProgramData\Titanium\mobilesdk\win32\6.0.2.GA\android\nineoldandroids-appc-2.4.0.jar" "C:\ProgramData\Titanium\mobilesdk\win32\6.0.2.GA\android\modules\titanium-media.jar" "C:\ProgramData\Titanium\mobilesdk\win32\6.0.2.GA\android\modules\titanium-appcompat.jar" "C:\ProgramData\Titanium\mobilesdk\win32\6.0.2.GA\android\android-support-v4.jar" "C:\ProgramData\Titanium\mobilesdk\win32\6.0.2.GA\android\android-support-v7-appcompat.jar" "C:\ProgramData\Titanium\mobilesdk\win32\6.0.2.GA\android\modules\titanium-cardview.jar" "C:\ProgramData\Titanium\mobilesdk\win32\6.0.2.GA\android\cardview-v7-23.0.1.jar" "C:\ProgramData\Titanium\mobilesdk\win32\6.0.2.GA\android\modules\titanium-locale.jar" "C:\ProgramData\Titanium\mobilesdk\win32\6.0.2.GA\android\modules\titanium-network.jar" "C:\ProgramData\Titanium\mobilesdk\win32\6.0.2.GA\android\modules\titanium-xml.jar" "C:\ProgramData\Titanium\mobilesdk\win32\6.0.2.GA\android\modules\titanium-platform.jar" "C:\ProgramData\Titanium\mobilesdk\win32\6.0.2.GA\android\modules\titanium-database.jar"
[INFO]   Creating unsigned apk
[DEBUG]  Processing E:\Windows\j0hN\Documents\Dropbox\appcelerator-workspace\TestAlloy\build\android\bin\app.ap_
[DEBUG]  Deflating AndroidManifest.xml
[DEBUG]  Adding assets/Resources/appicon.png
[DEBUG]  Deflating assets/app.json
[DEBUG]  Deflating assets/index.json
[DEBUG]  Deflating res/anim/abc_fade_in.xml
[DEBUG]  Deflating res/anim/abc_fade_out.xml
[DEBUG]  Deflating res/anim/abc_grow_fade_in_from_bottom.xml
[DEBUG]  Deflating res/anim/abc_popup_enter.xml
[DEBUG]  Deflating res/anim/abc_popup_exit.xml
[DEBUG]  Deflating res/anim/abc_shrink_fade_out_from_bottom.xml
[DEBUG]  Deflating res/anim/abc_slide_in_bottom.xml
[DEBUG]  Deflating res/anim/abc_slide_in_top.xml
[DEBUG]  Deflating res/anim/abc_slide_out_bottom.xml
[DEBUG]  Deflating res/anim/abc_slide_out_top.xml
[DEBUG]  Deflating res/color-v11/abc_background_cache_hint_selector_material_dark.xml
[DEBUG]  Deflating res/color-v11/abc_background_cache_hint_selector_material_light.xml
[DEBUG]  Deflating res/color-v23/abc_color_highlight_material.xml
[DEBUG]  Deflating res/color/abc_background_cache_hint_selector_material_dark.xml
[DEBUG]  Deflating res/color/abc_background_cache_hint_selector_material_light.xml
[DEBUG]  Deflating res/color/abc_primary_text_disable_only_material_dark.xml
[DEBUG]  Deflating res/color/abc_primary_text_disable_only_material_light.xml
[DEBUG]  Deflating res/color/abc_primary_text_material_dark.xml
[DEBUG]  Deflating res/color/abc_primary_text_material_light.xml
[DEBUG]  Deflating res/color/abc_search_url_text.xml
[DEBUG]  Deflating res/color/abc_secondary_text_material_dark.xml
[DEBUG]  Deflating res/color/abc_secondary_text_material_light.xml
[DEBUG]  Deflating res/color/switch_thumb_material_dark.xml
[DEBUG]  Deflating res/color/switch_thumb_material_light.xml
[DEBUG]  Adding res/drawable-hdpi-v4/abc_ab_share_pack_mtrl_alpha.9.png
[DEBUG]  Adding res/drawable-hdpi-v4/abc_btn_check_to_on_mtrl_000.png
[DEBUG]  Adding res/drawable-hdpi-v4/abc_btn_check_to_on_mtrl_015.png
[DEBUG]  Adding res/drawable-hdpi-v4/abc_btn_radio_to_on_mtrl_000.png
[DEBUG]  Adding res/drawable-hdpi-v4/abc_btn_radio_to_on_mtrl_015.png
[DEBUG]  Adding res/drawable-hdpi-v4/abc_btn_rating_star_off_mtrl_alpha.png
[DEBUG]  Adding res/drawable-hdpi-v4/abc_btn_rating_star_on_mtrl_alpha.png
[DEBUG]  Adding res/drawable-hdpi-v4/abc_btn_switch_to_on_mtrl_00001.9.png
[DEBUG]  Adding res/drawable-hdpi-v4/abc_btn_switch_to_on_mtrl_00012.9.png
[DEBUG]  Adding res/drawable-hdpi-v4/abc_cab_background_top_mtrl_alpha.9.png
[DEBUG]  Adding res/drawable-hdpi-v4/abc_ic_ab_back_mtrl_am_alpha.png
[DEBUG]  Adding res/drawable-hdpi-v4/abc_ic_clear_mtrl_alpha.png
[DEBUG]  Adding res/drawable-hdpi-v4/abc_ic_commit_search_api_mtrl_alpha.png
[DEBUG]  Adding res/drawable-hdpi-v4/abc_ic_go_search_api_mtrl_alpha.png
[DEBUG]  Adding res/drawable-hdpi-v4/abc_ic_menu_copy_mtrl_am_alpha.png
[DEBUG]  Adding res/drawable-hdpi-v4/abc_ic_menu_cut_mtrl_alpha.png
[DEBUG]  Adding res/drawable-hdpi-v4/abc_ic_menu_moreoverflow_mtrl_alpha.png
[DEBUG]  Adding res/drawable-hdpi-v4/abc_ic_menu_paste_mtrl_am_alpha.png
[DEBUG]  Adding res/drawable-hdpi-v4/abc_ic_menu_selectall_mtrl_alpha.png
[DEBUG]  Adding res/drawable-hdpi-v4/abc_ic_menu_share_mtrl_alpha.png
[DEBUG]  Adding res/drawable-hdpi-v4/abc_ic_search_api_mtrl_alpha.png
[DEBUG]  Adding res/drawable-hdpi-v4/abc_ic_voice_search_api_mtrl_alpha.png
[DEBUG]  Adding res/drawable-hdpi-v4/abc_list_divider_mtrl_alpha.9.png
[DEBUG]  Adding res/drawable-hdpi-v4/abc_list_focused_holo.9.png
[DEBUG]  Adding res/drawable-hdpi-v4/abc_list_longpressed_holo.9.png
[DEBUG]  Adding res/drawable-hdpi-v4/abc_list_pressed_holo_dark.9.png
[DEBUG]  Adding res/drawable-hdpi-v4/abc_list_pressed_holo_light.9.png
[DEBUG]  Adding res/drawable-hdpi-v4/abc_list_selector_disabled_holo_dark.9.png
[DEBUG]  Adding res/drawable-hdpi-v4/abc_list_selector_disabled_holo_light.9.png
[DEBUG]  Adding res/drawable-hdpi-v4/abc_menu_hardkey_panel_mtrl_mult.9.png
[DEBUG]  Adding res/drawable-hdpi-v4/abc_popup_background_mtrl_mult.9.png
[DEBUG]  Adding res/drawable-hdpi-v4/abc_scrubber_control_off_mtrl_alpha.png
[DEBUG]  Adding res/drawable-hdpi-v4/abc_scrubber_control_to_pressed_mtrl_000.png
[DEBUG]  Adding res/drawable-hdpi-v4/abc_scrubber_control_to_pressed_mtrl_005.png
[DEBUG]  Adding res/drawable-hdpi-v4/abc_scrubber_primary_mtrl_alpha.9.png
[DEBUG]  Adding res/drawable-hdpi-v4/abc_scrubber_track_mtrl_alpha.9.png
[DEBUG]  Adding res/drawable-hdpi-v4/abc_spinner_mtrl_am_alpha.9.png
[DEBUG]  Adding res/drawable-hdpi-v4/abc_switch_track_mtrl_alpha.9.png
[DEBUG]  Adding res/drawable-hdpi-v4/abc_tab_indicator_mtrl_alpha.9.png
[DEBUG]  Adding res/drawable-hdpi-v4/abc_textfield_activated_mtrl_alpha.9.png
[DEBUG]  Adding res/drawable-hdpi-v4/abc_textfield_default_mtrl_alpha.9.png
[DEBUG]  Adding res/drawable-hdpi-v4/abc_textfield_search_activated_mtrl_alpha.9.png
[DEBUG]  Adding res/drawable-hdpi-v4/abc_textfield_search_default_mtrl_alpha.9.png
[DEBUG]  Adding res/drawable-ldrtl-hdpi-v4/abc_ic_ab_back_mtrl_am_alpha.png
[DEBUG]  Adding res/drawable-ldrtl-hdpi-v4/abc_ic_menu_copy_mtrl_am_alpha.png
[DEBUG]  Adding res/drawable-ldrtl-hdpi-v4/abc_ic_menu_cut_mtrl_alpha.png
[DEBUG]  Adding res/drawable-ldrtl-hdpi-v4/abc_spinner_mtrl_am_alpha.9.png
[DEBUG]  Adding res/drawable-ldrtl-mdpi-v4/abc_ic_ab_back_mtrl_am_alpha.png
[DEBUG]  Adding res/drawable-ldrtl-mdpi-v4/abc_ic_menu_copy_mtrl_am_alpha.png
[DEBUG]  Adding res/drawable-ldrtl-mdpi-v4/abc_ic_menu_cut_mtrl_alpha.png
[DEBUG]  Adding res/drawable-ldrtl-mdpi-v4/abc_spinner_mtrl_am_alpha.9.png
[DEBUG]  Adding res/drawable-ldrtl-xhdpi-v4/abc_ic_ab_back_mtrl_am_alpha.png
[DEBUG]  Adding res/drawable-ldrtl-xhdpi-v4/abc_ic_menu_copy_mtrl_am_alpha.png
[DEBUG]  Adding res/drawable-ldrtl-xhdpi-v4/abc_ic_menu_cut_mtrl_alpha.png
[DEBUG]  Adding res/drawable-ldrtl-xhdpi-v4/abc_spinner_mtrl_am_alpha.9.png
[DEBUG]  Adding res/drawable-ldrtl-xxhdpi-v4/abc_ic_ab_back_mtrl_am_alpha.png
[DEBUG]  Adding res/drawable-ldrtl-xxhdpi-v4/abc_ic_menu_copy_mtrl_am_alpha.png
[DEBUG]  Adding res/drawable-ldrtl-xxhdpi-v4/abc_ic_menu_cut_mtrl_alpha.png
[DEBUG]  Adding res/drawable-ldrtl-xxhdpi-v4/abc_spinner_mtrl_am_alpha.9.png
[DEBUG]  Adding res/drawable-ldrtl-xxxhdpi-v4/abc_ic_ab_back_mtrl_am_alpha.png
[DEBUG]  Adding res/drawable-ldrtl-xxxhdpi-v4/abc_ic_menu_copy_mtrl_am_alpha.png
[DEBUG]  Adding res/drawable-ldrtl-xxxhdpi-v4/abc_ic_menu_cut_mtrl_alpha.png
[DEBUG]  Adding res/drawable-ldrtl-xxxhdpi-v4/abc_spinner_mtrl_am_alpha.9.png
[DEBUG]  Adding res/drawable-long-land-hdpi-v4/background.png
[DEBUG]  Adding res/drawable-long-land-ldpi-v4/background.png
[DEBUG]  Adding res/drawable-long-land-mdpi-v4/background.png
[DEBUG]  Adding res/drawable-long-port-hdpi-v4/background.png
[DEBUG]  Adding res/drawable-long-port-ldpi-v4/background.png
[DEBUG]  Adding res/drawable-mdpi-v4/abc_ab_share_pack_mtrl_alpha.9.png
[DEBUG]  Adding res/drawable-mdpi-v4/abc_btn_check_to_on_mtrl_000.png
[DEBUG]  Adding res/drawable-mdpi-v4/abc_btn_check_to_on_mtrl_015.png
[DEBUG]  Adding res/drawable-mdpi-v4/abc_btn_radio_to_on_mtrl_000.png
[DEBUG]  Adding res/drawable-mdpi-v4/abc_btn_radio_to_on_mtrl_015.png
[DEBUG]  Adding res/drawable-mdpi-v4/abc_btn_rating_star_off_mtrl_alpha.png
[DEBUG]  Adding res/drawable-mdpi-v4/abc_btn_rating_star_on_mtrl_alpha.png
[DEBUG]  Adding res/drawable-mdpi-v4/abc_btn_switch_to_on_mtrl_00001.9.png
[DEBUG]  Adding res/drawable-mdpi-v4/abc_btn_switch_to_on_mtrl_00012.9.png
[DEBUG]  Adding res/drawable-mdpi-v4/abc_cab_background_top_mtrl_alpha.9.png
[DEBUG]  Adding res/drawable-mdpi-v4/abc_ic_ab_back_mtrl_am_alpha.png
[DEBUG]  Adding res/drawable-mdpi-v4/abc_ic_clear_mtrl_alpha.png
[DEBUG]  Adding res/drawable-mdpi-v4/abc_ic_commit_search_api_mtrl_alpha.png
[DEBUG]  Adding res/drawable-mdpi-v4/abc_ic_go_search_api_mtrl_alpha.png
[DEBUG]  Adding res/drawable-mdpi-v4/abc_ic_menu_copy_mtrl_am_alpha.png
[DEBUG]  Adding res/drawable-mdpi-v4/abc_ic_menu_cut_mtrl_alpha.png
[DEBUG]  Adding res/drawable-mdpi-v4/abc_ic_menu_moreoverflow_mtrl_alpha.png
[DEBUG]  Adding res/drawable-mdpi-v4/abc_ic_menu_paste_mtrl_am_alpha.png
[DEBUG]  Adding res/drawable-mdpi-v4/abc_ic_menu_selectall_mtrl_alpha.png
[DEBUG]  Adding res/drawable-mdpi-v4/abc_ic_menu_share_mtrl_alpha.png
[DEBUG]  Adding res/drawable-mdpi-v4/abc_ic_search_api_mtrl_alpha.png
[DEBUG]  Adding res/drawable-mdpi-v4/abc_ic_voice_search_api_mtrl_alpha.png
[DEBUG]  Adding res/drawable-mdpi-v4/abc_list_divider_mtrl_alpha.9.png
[DEBUG]  Adding res/drawable-mdpi-v4/abc_list_focused_holo.9.png
[DEBUG]  Adding res/drawable-mdpi-v4/abc_list_longpressed_holo.9.png
[DEBUG]  Adding res/drawable-mdpi-v4/abc_list_pressed_holo_dark.9.png
[DEBUG]  Adding res/drawable-mdpi-v4/abc_list_pressed_holo_light.9.png
[DEBUG]  Adding res/drawable-mdpi-v4/abc_list_selector_disabled_holo_dark.9.png
[DEBUG]  Adding res/drawable-mdpi-v4/abc_list_selector_disabled_holo_light.9.png
[DEBUG]  Adding res/drawable-mdpi-v4/abc_menu_hardkey_panel_mtrl_mult.9.png
[DEBUG]  Adding res/drawable-mdpi-v4/abc_popup_background_mtrl_mult.9.png
[DEBUG]  Adding res/drawable-mdpi-v4/abc_scrubber_control_off_mtrl_alpha.png
[DEBUG]  Adding res/drawable-mdpi-v4/abc_scrubber_control_to_pressed_mtrl_000.png
[DEBUG]  Adding res/drawable-mdpi-v4/abc_scrubber_control_to_pressed_mtrl_005.png
[DEBUG]  Adding res/drawable-mdpi-v4/abc_scrubber_primary_mtrl_alpha.9.png
[DEBUG]  Adding res/drawable-mdpi-v4/abc_scrubber_track_mtrl_alpha.9.png
[DEBUG]  Adding res/drawable-mdpi-v4/abc_spinner_mtrl_am_alpha.9.png
[DEBUG]  Adding res/drawable-mdpi-v4/abc_switch_track_mtrl_alpha.9.png
[DEBUG]  Adding res/drawable-mdpi-v4/abc_tab_indicator_mtrl_alpha.9.png
[DEBUG]  Adding res/drawable-mdpi-v4/abc_textfield_activated_mtrl_alpha.9.png
[DEBUG]  Adding res/drawable-mdpi-v4/abc_textfield_default_mtrl_alpha.9.png
[DEBUG]  Adding res/drawable-mdpi-v4/abc_textfield_search_activated_mtrl_alpha.9.png
[DEBUG]  Adding res/drawable-mdpi-v4/abc_textfield_search_default_mtrl_alpha.9.png
[DEBUG]  Adding res/drawable-notlong-land-hdpi-v4/background.png
[DEBUG]  Adding res/drawable-notlong-land-ldpi-v4/background.png
[DEBUG]  Adding res/drawable-notlong-land-mdpi-v4/background.png
[DEBUG]  Adding res/drawable-notlong-port-hdpi-v4/background.png
[DEBUG]  Adding res/drawable-notlong-port-ldpi-v4/background.png
[DEBUG]  Adding res/drawable-notlong-port-mdpi-v4/background.png
[DEBUG]  Deflating res/drawable-v21/abc_action_bar_item_background_material.xml
[DEBUG]  Deflating res/drawable-v21/abc_btn_colored_material.xml
[DEBUG]  Deflating res/drawable-v23/abc_control_background_material.xml
[DEBUG]  Adding res/drawable-xhdpi-v4/abc_ab_share_pack_mtrl_alpha.9.png
[DEBUG]  Adding res/drawable-xhdpi-v4/abc_btn_check_to_on_mtrl_000.png
[DEBUG]  Adding res/drawable-xhdpi-v4/abc_btn_check_to_on_mtrl_015.png
[DEBUG]  Adding res/drawable-xhdpi-v4/abc_btn_radio_to_on_mtrl_000.png
[DEBUG]  Adding res/drawable-xhdpi-v4/abc_btn_radio_to_on_mtrl_015.png
[DEBUG]  Adding res/drawable-xhdpi-v4/abc_btn_rating_star_off_mtrl_alpha.png
[DEBUG]  Adding res/drawable-xhdpi-v4/abc_btn_rating_star_on_mtrl_alpha.png
[DEBUG]  Adding res/drawable-xhdpi-v4/abc_btn_switch_to_on_mtrl_00001.9.png
[DEBUG]  Adding res/drawable-xhdpi-v4/abc_btn_switch_to_on_mtrl_00012.9.png
[DEBUG]  Adding res/drawable-xhdpi-v4/abc_cab_background_top_mtrl_alpha.9.png
[DEBUG]  Adding res/drawable-xhdpi-v4/abc_ic_ab_back_mtrl_am_alpha.png
[DEBUG]  Adding res/drawable-xhdpi-v4/abc_ic_clear_mtrl_alpha.png
[DEBUG]  Adding res/drawable-xhdpi-v4/abc_ic_commit_search_api_mtrl_alpha.png
[DEBUG]  Adding res/drawable-xhdpi-v4/abc_ic_go_search_api_mtrl_alpha.png
[DEBUG]  Adding res/drawable-xhdpi-v4/abc_ic_menu_copy_mtrl_am_alpha.png
[DEBUG]  Adding res/drawable-xhdpi-v4/abc_ic_menu_cut_mtrl_alpha.png
[DEBUG]  Adding res/drawable-xhdpi-v4/abc_ic_menu_moreoverflow_mtrl_alpha.png
[DEBUG]  Adding res/drawable-xhdpi-v4/abc_ic_menu_paste_mtrl_am_alpha.png
[DEBUG]  Adding res/drawable-xhdpi-v4/abc_ic_menu_selectall_mtrl_alpha.png
[DEBUG]  Adding res/drawable-xhdpi-v4/abc_ic_menu_share_mtrl_alpha.png
[DEBUG]  Adding res/drawable-xhdpi-v4/abc_ic_search_api_mtrl_alpha.png
[DEBUG]  Adding res/drawable-xhdpi-v4/abc_ic_voice_search_api_mtrl_alpha.png
[DEBUG]  Adding res/drawable-xhdpi-v4/abc_list_divider_mtrl_alpha.9.png
[DEBUG]  Adding res/drawable-xhdpi-v4/abc_list_focused_holo.9.png
[DEBUG]  Adding res/drawable-xhdpi-v4/abc_list_longpressed_holo.9.png
[DEBUG]  Adding res/drawable-xhdpi-v4/abc_list_pressed_holo_dark.9.png
[DEBUG]  Adding res/drawable-xhdpi-v4/abc_list_pressed_holo_light.9.png
[DEBUG]  Adding res/drawable-xhdpi-v4/abc_list_selector_disabled_holo_dark.9.png
[DEBUG]  Adding res/drawable-xhdpi-v4/abc_list_selector_disabled_holo_light.9.png
[DEBUG]  Adding res/drawable-xhdpi-v4/abc_menu_hardkey_panel_mtrl_mult.9.png
[DEBUG]  Adding res/drawable-xhdpi-v4/abc_popup_background_mtrl_mult.9.png
[DEBUG]  Adding res/drawable-xhdpi-v4/abc_scrubber_control_off_mtrl_alpha.png
[DEBUG]  Adding res/drawable-xhdpi-v4/abc_scrubber_control_to_pressed_mtrl_000.png
[DEBUG]  Adding res/drawable-xhdpi-v4/abc_scrubber_control_to_pressed_mtrl_005.png
[DEBUG]  Adding res/drawable-xhdpi-v4/abc_scrubber_primary_mtrl_alpha.9.png
[DEBUG]  Adding res/drawable-xhdpi-v4/abc_scrubber_track_mtrl_alpha.9.png
[DEBUG]  Adding res/drawable-xhdpi-v4/abc_spinner_mtrl_am_alpha.9.png
[DEBUG]  Adding res/drawable-xhdpi-v4/abc_switch_track_mtrl_alpha.9.png
[DEBUG]  Adding res/drawable-xhdpi-v4/abc_tab_indicator_mtrl_alpha.9.png
[DEBUG]  Adding res/drawable-xhdpi-v4/abc_textfield_activated_mtrl_alpha.9.png
[DEBUG]  Adding res/drawable-xhdpi-v4/abc_textfield_default_mtrl_alpha.9.png
[DEBUG]  Adding res/drawable-xhdpi-v4/abc_textfield_search_activated_mtrl_alpha.9.png
[DEBUG]  Adding res/drawable-xhdpi-v4/abc_textfield_search_default_mtrl_alpha.9.png
[DEBUG]  Adding res/drawable-xxhdpi-v4/abc_ab_share_pack_mtrl_alpha.9.png
[DEBUG]  Adding res/drawable-xxhdpi-v4/abc_btn_check_to_on_mtrl_000.png
[DEBUG]  Adding res/drawable-xxhdpi-v4/abc_btn_check_to_on_mtrl_015.png
[DEBUG]  Adding res/drawable-xxhdpi-v4/abc_btn_radio_to_on_mtrl_000.png
[DEBUG]  Adding res/drawable-xxhdpi-v4/abc_btn_radio_to_on_mtrl_015.png
[DEBUG]  Adding res/drawable-xxhdpi-v4/abc_btn_rating_star_off_mtrl_alpha.png
[DEBUG]  Adding res/drawable-xxhdpi-v4/abc_btn_rating_star_on_mtrl_alpha.png
[DEBUG]  Adding res/drawable-xxhdpi-v4/abc_btn_switch_to_on_mtrl_00001.9.png
[DEBUG]  Adding res/drawable-xxhdpi-v4/abc_btn_switch_to_on_mtrl_00012.9.png
[DEBUG]  Adding res/drawable-xxhdpi-v4/abc_cab_background_top_mtrl_alpha.9.png
[DEBUG]  Adding res/drawable-xxhdpi-v4/abc_ic_ab_back_mtrl_am_alpha.png
[DEBUG]  Adding res/drawable-xxhdpi-v4/abc_ic_clear_mtrl_alpha.png
[DEBUG]  Adding res/drawable-xxhdpi-v4/abc_ic_commit_search_api_mtrl_alpha.png
[DEBUG]  Adding res/drawable-xxhdpi-v4/abc_ic_go_search_api_mtrl_alpha.png
[DEBUG]  Adding res/drawable-xxhdpi-v4/abc_ic_menu_copy_mtrl_am_alpha.png
[DEBUG]  Adding res/drawable-xxhdpi-v4/abc_ic_menu_cut_mtrl_alpha.png
[DEBUG]  Adding res/drawable-xxhdpi-v4/abc_ic_menu_moreoverflow_mtrl_alpha.png
[DEBUG]  Adding res/drawable-xxhdpi-v4/abc_ic_menu_paste_mtrl_am_alpha.png
[DEBUG]  Adding res/drawable-xxhdpi-v4/abc_ic_menu_selectall_mtrl_alpha.png
[DEBUG]  Adding res/drawable-xxhdpi-v4/abc_ic_menu_share_mtrl_alpha.png
[DEBUG]  Adding res/drawable-xxhdpi-v4/abc_ic_search_api_mtrl_alpha.png
[DEBUG]  Adding res/drawable-xxhdpi-v4/abc_ic_voice_search_api_mtrl_alpha.png
[DEBUG]  Adding res/drawable-xxhdpi-v4/abc_list_divider_mtrl_alpha.9.png
[DEBUG]  Adding res/drawable-xxhdpi-v4/abc_list_focused_holo.9.png
[DEBUG]  Adding res/drawable-xxhdpi-v4/abc_list_longpressed_holo.9.png
[DEBUG]  Adding res/drawable-xxhdpi-v4/abc_list_pressed_holo_dark.9.png
[DEBUG]  Adding res/drawable-xxhdpi-v4/abc_list_pressed_holo_light.9.png
[DEBUG]  Adding res/drawable-xxhdpi-v4/abc_list_selector_disabled_holo_dark.9.png
[DEBUG]  Adding res/drawable-xxhdpi-v4/abc_list_selector_disabled_holo_light.9.png
[DEBUG]  Adding res/drawable-xxhdpi-v4/abc_menu_hardkey_panel_mtrl_mult.9.png
[DEBUG]  Adding res/drawable-xxhdpi-v4/abc_popup_background_mtrl_mult.9.png
[DEBUG]  Adding res/drawable-xxhdpi-v4/abc_scrubber_control_off_mtrl_alpha.png
[DEBUG]  Adding res/drawable-xxhdpi-v4/abc_scrubber_control_to_pressed_mtrl_000.png
[DEBUG]  Adding res/drawable-xxhdpi-v4/abc_scrubber_control_to_pressed_mtrl_005.png
[DEBUG]  Adding res/drawable-xxhdpi-v4/abc_scrubber_primary_mtrl_alpha.9.png
[DEBUG]  Adding res/drawable-xxhdpi-v4/abc_scrubber_track_mtrl_alpha.9.png
[DEBUG]  Adding res/drawable-xxhdpi-v4/abc_spinner_mtrl_am_alpha.9.png
[DEBUG]  Adding res/drawable-xxhdpi-v4/abc_switch_track_mtrl_alpha.9.png
[DEBUG]  Adding res/drawable-xxhdpi-v4/abc_tab_indicator_mtrl_alpha.9.png
[DEBUG]  Adding res/drawable-xxhdpi-v4/abc_textfield_activated_mtrl_alpha.9.png
[DEBUG]  Adding res/drawable-xxhdpi-v4/abc_textfield_default_mtrl_alpha.9.png
[DEBUG]  Adding res/drawable-xxhdpi-v4/abc_textfield_search_activated_mtrl_alpha.9.png
[DEBUG]  Adding res/drawable-xxhdpi-v4/abc_textfield_search_default_mtrl_alpha.9.png
[DEBUG]  Adding res/drawable-xxxhdpi-v4/abc_btn_check_to_on_mtrl_000.png
[DEBUG]  Adding res/drawable-xxxhdpi-v4/abc_btn_check_to_on_mtrl_015.png
[DEBUG]  Adding res/drawable-xxxhdpi-v4/abc_btn_radio_to_on_mtrl_000.png
[DEBUG]  Adding res/drawable-xxxhdpi-v4/abc_btn_radio_to_on_mtrl_015.png
[DEBUG]  Adding res/drawable-xxxhdpi-v4/abc_btn_switch_to_on_mtrl_00001.9.png
[DEBUG]  Adding res/drawable-xxxhdpi-v4/abc_btn_switch_to_on_mtrl_00012.9.png
[DEBUG]  Adding res/drawable-xxxhdpi-v4/abc_ic_ab_back_mtrl_am_alpha.png
[DEBUG]  Adding res/drawable-xxxhdpi-v4/abc_ic_clear_mtrl_alpha.png
[DEBUG]  Adding res/drawable-xxxhdpi-v4/abc_ic_menu_copy_mtrl_am_alpha.png
[DEBUG]  Adding res/drawable-xxxhdpi-v4/abc_ic_menu_cut_mtrl_alpha.png
[DEBUG]  Adding res/drawable-xxxhdpi-v4/abc_ic_menu_moreoverflow_mtrl_alpha.png
[DEBUG]  Adding res/drawable-xxxhdpi-v4/abc_ic_menu_paste_mtrl_am_alpha.png
[DEBUG]  Adding res/drawable-xxxhdpi-v4/abc_ic_menu_selectall_mtrl_alpha.png
[DEBUG]  Adding res/drawable-xxxhdpi-v4/abc_ic_menu_share_mtrl_alpha.png
[DEBUG]  Adding res/drawable-xxxhdpi-v4/abc_ic_search_api_mtrl_alpha.png
[DEBUG]  Adding res/drawable-xxxhdpi-v4/abc_ic_voice_search_api_mtrl_alpha.png
[DEBUG]  Adding res/drawable-xxxhdpi-v4/abc_scrubber_control_to_pressed_mtrl_000.png
[DEBUG]  Adding res/drawable-xxxhdpi-v4/abc_scrubber_control_to_pressed_mtrl_005.png
[DEBUG]  Adding res/drawable-xxxhdpi-v4/abc_spinner_mtrl_am_alpha.9.png
[DEBUG]  Adding res/drawable-xxxhdpi-v4/abc_switch_track_mtrl_alpha.9.png
[DEBUG]  Adding res/drawable-xxxhdpi-v4/abc_tab_indicator_mtrl_alpha.9.png
[DEBUG]  Deflating res/drawable/abc_btn_borderless_material.xml
[DEBUG]  Deflating res/drawable/abc_btn_check_material.xml
[DEBUG]  Deflating res/drawable/abc_btn_colored_material.xml
[DEBUG]  Deflating res/drawable/abc_btn_default_mtrl_shape.xml
[DEBUG]  Deflating res/drawable/abc_btn_radio_material.xml
[DEBUG]  Deflating res/drawable/abc_cab_background_internal_bg.xml
[DEBUG]  Deflating res/drawable/abc_cab_background_top_material.xml
[DEBUG]  Deflating res/drawable/abc_dialog_material_background_dark.xml
[DEBUG]  Deflating res/drawable/abc_dialog_material_background_light.xml
[DEBUG]  Deflating res/drawable/abc_edit_text_material.xml
[DEBUG]  Deflating res/drawable/abc_item_background_holo_dark.xml
[DEBUG]  Deflating res/drawable/abc_item_background_holo_light.xml
[DEBUG]  Deflating res/drawable/abc_list_selector_background_transition_holo_dark.xml
[DEBUG]  Deflating res/drawable/abc_list_selector_background_transition_holo_light.xml
[DEBUG]  Deflating res/drawable/abc_list_selector_holo_dark.xml
[DEBUG]  Deflating res/drawable/abc_list_selector_holo_light.xml
[DEBUG]  Deflating res/drawable/abc_ratingbar_full_material.xml
[DEBUG]  Deflating res/drawable/abc_seekbar_thumb_material.xml
[DEBUG]  Deflating res/drawable/abc_seekbar_track_material.xml
[DEBUG]  Deflating res/drawable/abc_spinner_textfield_background_material.xml
[DEBUG]  Deflating res/drawable/abc_switch_thumb_material.xml
[DEBUG]  Deflating res/drawable/abc_tab_indicator_material.xml
[DEBUG]  Deflating res/drawable/abc_text_cursor_material.xml
[DEBUG]  Deflating res/drawable/abc_textfield_search_material.xml
[DEBUG]  Adding res/drawable/appicon.png
[DEBUG]  Adding res/drawable/background.png
[DEBUG]  Adding res/drawable/btn_check_buttonless_on_64.png
[DEBUG]  Adding res/drawable/btn_more_64.png
[DEBUG]  Adding res/drawable/disclosure_64.png
[DEBUG]  Deflating res/layout-v17/abc_alert_dialog_button_bar_material.xml
[DEBUG]  Deflating res/layout-v17/abc_alert_dialog_material.xml
[DEBUG]  Deflating res/layout-v17/abc_dialog_title_material.xml
[DEBUG]  Deflating res/layout-v17/abc_search_view.xml
[DEBUG]  Deflating res/layout-v17/notification_template_big_media.xml
[DEBUG]  Deflating res/layout-v17/notification_template_big_media_narrow.xml
[DEBUG]  Deflating res/layout-v17/notification_template_lines.xml
[DEBUG]  Deflating res/layout-v17/notification_template_media.xml
[DEBUG]  Deflating res/layout-v17/notification_template_part_chronometer.xml
[DEBUG]  Deflating res/layout-v17/notification_template_part_time.xml
[DEBUG]  Deflating res/layout-v17/select_dialog_multichoice_material.xml
[DEBUG]  Deflating res/layout-v17/select_dialog_singlechoice_material.xml
[DEBUG]  Deflating res/layout-v21/abc_screen_toolbar.xml
[DEBUG]  Deflating res/layout-v21/titanium_ui_date_picker_spinner.xml
[DEBUG]  Deflating res/layout-v21/titanium_ui_time_picker_spinner.xml
[DEBUG]  Deflating res/layout/abc_action_bar_title_item.xml
[DEBUG]  Deflating res/layout/abc_action_bar_up_container.xml
[DEBUG]  Deflating res/layout/abc_action_bar_view_list_nav_layout.xml
[DEBUG]  Deflating res/layout/abc_action_menu_item_layout.xml
[DEBUG]  Deflating res/layout/abc_action_menu_layout.xml
[DEBUG]  Deflating res/layout/abc_action_mode_bar.xml
[DEBUG]  Deflating res/layout/abc_action_mode_close_item_material.xml
[DEBUG]  Deflating res/layout/abc_activity_chooser_view.xml
[DEBUG]  Deflating res/layout/abc_activity_chooser_view_list_item.xml
[DEBUG]  Deflating res/layout/abc_alert_dialog_button_bar_material.xml
[DEBUG]  Deflating res/layout/abc_alert_dialog_material.xml
[DEBUG]  Deflating res/layout/abc_dialog_title_material.xml
[DEBUG]  Deflating res/layout/abc_expanded_menu_layout.xml
[DEBUG]  Deflating res/layout/abc_list_menu_item_checkbox.xml
[DEBUG]  Deflating res/layout/abc_list_menu_item_icon.xml
[DEBUG]  Deflating res/layout/abc_list_menu_item_layout.xml
[DEBUG]  Deflating res/layout/abc_list_menu_item_radio.xml
[DEBUG]  Deflating res/layout/abc_popup_menu_item_layout.xml
[DEBUG]  Deflating res/layout/abc_screen_content_include.xml
[DEBUG]  Deflating res/layout/abc_screen_simple.xml
[DEBUG]  Deflating res/layout/abc_screen_simple_overlay_action_mode.xml
[DEBUG]  Deflating res/layout/abc_screen_toolbar.xml
[DEBUG]  Deflating res/layout/abc_search_dropdown_item_icons_2line.xml
[DEBUG]  Deflating res/layout/abc_search_view.xml
[DEBUG]  Deflating res/layout/abc_select_dialog_material.xml
[DEBUG]  Deflating res/layout/notification_media_action.xml
[DEBUG]  Deflating res/layout/notification_media_cancel_action.xml
[DEBUG]  Deflating res/layout/notification_template_big_media.xml
[DEBUG]  Deflating res/layout/notification_template_big_media_narrow.xml
[DEBUG]  Deflating res/layout/notification_template_lines.xml
[DEBUG]  Deflating res/layout/notification_template_media.xml
[DEBUG]  Deflating res/layout/notification_template_part_chronometer.xml
[DEBUG]  Deflating res/layout/notification_template_part_time.xml
[DEBUG]  Deflating res/layout/select_dialog_item_material.xml
[DEBUG]  Deflating res/layout/select_dialog_multichoice_material.xml
[DEBUG]  Deflating res/layout/select_dialog_singlechoice_material.xml
[DEBUG]  Deflating res/layout/support_simple_spinner_dropdown_item.xml
[DEBUG]  Deflating res/layout/titanium_tabgroup.xml
[DEBUG]  Deflating res/layout/titanium_ui_checkbox.xml
[DEBUG]  Deflating res/layout/titanium_ui_date_picker_spinner.xml
[DEBUG]  Deflating res/layout/titanium_ui_edittext.xml
[DEBUG]  Deflating res/layout/titanium_ui_list_header_or_footer.xml
[DEBUG]  Deflating res/layout/titanium_ui_list_item.xml
[DEBUG]  Deflating res/layout/titanium_ui_spinner.xml
[DEBUG]  Deflating res/layout/titanium_ui_switchcompat.xml
[DEBUG]  Deflating res/layout/titanium_ui_time_picker_spinner.xml
[DEBUG]  Deflating resources.arsc
[DEBUG]  Processing C:\ProgramData\Titanium\mobilesdk\win32\6.0.2.GA\android\kroll-v8.jar
[DEBUG]  Processing C:\ProgramData\Titanium\mobilesdk\win32\6.0.2.GA\android\modules\titanium-analytics.jar
[DEBUG]  Processing C:\ProgramData\Titanium\mobilesdk\win32\6.0.2.GA\android\aps-analytics.jar
[DEBUG]  Processing C:\ProgramData\Titanium\mobilesdk\win32\6.0.2.GA\android\modules\titanium-android.jar
[DEBUG]  Processing C:\ProgramData\Titanium\mobilesdk\win32\6.0.2.GA\android\jaxen-1.1.1.jar
[DEBUG]  Processing C:\ProgramData\Titanium\mobilesdk\win32\6.0.2.GA\android\ti-commons-codec-1.3.jar
[DEBUG]  Processing C:\ProgramData\Titanium\mobilesdk\win32\6.0.2.GA\android\kroll-common.jar
[DEBUG]  Processing C:\ProgramData\Titanium\mobilesdk\win32\6.0.2.GA\android\titanium.jar
[DEBUG]  Deflating org/appcelerator/titanium/build.properties
[DEBUG]  Adding org/appcelerator/titanium/res/drawable/background.png
[DEBUG]  Adding org/appcelerator/titanium/res/drawable/btn_check_buttonless_on.png
[DEBUG]  Adding org/appcelerator/titanium/res/drawable/btn_check_buttonless_on_100.png
[DEBUG]  Adding org/appcelerator/titanium/res/drawable/btn_check_buttonless_on_18.png
[DEBUG]  Adding org/appcelerator/titanium/res/drawable/btn_check_buttonless_on_48.png
[DEBUG]  Adding org/appcelerator/titanium/res/drawable/btn_check_buttonless_on_64.png
[DEBUG]  Adding org/appcelerator/titanium/res/drawable/btn_more.png
[DEBUG]  Adding org/appcelerator/titanium/res/drawable/btn_more_100.png
[DEBUG]  Adding org/appcelerator/titanium/res/drawable/btn_more_18.png
[DEBUG]  Adding org/appcelerator/titanium/res/drawable/btn_more_48.png
[DEBUG]  Adding org/appcelerator/titanium/res/drawable/btn_more_64.png
[DEBUG]  Adding org/appcelerator/titanium/res/drawable/btn_picker_normal.9.png
[DEBUG]  Adding org/appcelerator/titanium/res/drawable/btn_picker_pressed.9.png
[DEBUG]  Adding org/appcelerator/titanium/res/drawable/btn_picker_selected.9.png
[DEBUG]  Adding org/appcelerator/titanium/res/drawable/default_icon.png
[DEBUG]  Adding org/appcelerator/titanium/res/drawable/photoDefault.png
[DEBUG]  Processing C:\ProgramData\Titanium\mobilesdk\win32\6.0.2.GA\android\android-support-multidex.jar
[DEBUG]  Deflating android-support-multidex.version.txt
[DEBUG]  Processing C:\ProgramData\Titanium\mobilesdk\win32\6.0.2.GA\android\modules\titanium-filesystem.jar
[DEBUG]  Processing C:\ProgramData\Titanium\mobilesdk\win32\6.0.2.GA\android\modules\titanium-app.jar
[DEBUG]  Processing C:\ProgramData\Titanium\mobilesdk\win32\6.0.2.GA\android\modules\titanium-ui.jar
[DEBUG]  Deflating ti/modules/titanium/ui/widget/webview/binding.js
[DEBUG]  Deflating ti/modules/titanium/ui/widget/webview/binding.min.js
[DEBUG]  Deflating ti/modules/titanium/ui/widget/webview/json2.js
[DEBUG]  Deflating ti/modules/titanium/ui/widget/webview/polling.js
[DEBUG]  Deflating ti/modules/titanium/ui/widget/webview/polling.min.js
[DEBUG]  Processing C:\ProgramData\Titanium\mobilesdk\win32\6.0.2.GA\android\nineoldandroids-appc-2.4.0.jar
[DEBUG]  Processing C:\ProgramData\Titanium\mobilesdk\win32\6.0.2.GA\android\modules\titanium-media.jar
[DEBUG]  Processing C:\ProgramData\Titanium\mobilesdk\win32\6.0.2.GA\android\modules\titanium-appcompat.jar
[DEBUG]  Processing C:\ProgramData\Titanium\mobilesdk\win32\6.0.2.GA\android\android-support-v4.jar
[DEBUG]  Processing C:\ProgramData\Titanium\mobilesdk\win32\6.0.2.GA\android\android-support-v7-appcompat.jar
[DEBUG]  Processing C:\ProgramData\Titanium\mobilesdk\win32\6.0.2.GA\android\modules\titanium-cardview.jar
[DEBUG]  Processing C:\ProgramData\Titanium\mobilesdk\win32\6.0.2.GA\android\cardview-v7-23.0.1.jar
[DEBUG]  Processing C:\ProgramData\Titanium\mobilesdk\win32\6.0.2.GA\android\modules\titanium-locale.jar
[DEBUG]  Processing C:\ProgramData\Titanium\mobilesdk\win32\6.0.2.GA\android\modules\titanium-network.jar
[DEBUG]  Processing C:\ProgramData\Titanium\mobilesdk\win32\6.0.2.GA\android\modules\titanium-xml.jar
[DEBUG]  Processing C:\ProgramData\Titanium\mobilesdk\win32\6.0.2.GA\android\modules\titanium-platform.jar
[DEBUG]  Processing C:\ProgramData\Titanium\mobilesdk\win32\6.0.2.GA\android\modules\titanium-database.jar
[INFO]   Processing E:\Windows\j0hN\Documents\Dropbox\appcelerator-workspace\TestAlloy\build\android\bin\dexfiles
[DEBUG]  Adding classes.dex
[INFO]   Processing E:\Windows\j0hN\Documents\Dropbox\appcelerator-workspace\TestAlloy\build\android\src
[DEBUG]  Adding lib/armeabi-v7a/libc++_shared.so
[DEBUG]  Adding lib/armeabi-v7a/libkroll-v8.so
[DEBUG]  Adding lib/armeabi-v7a/libtiverify.so
[DEBUG]  Adding lib/x86/libc++_shared.so
[DEBUG]  Adding lib/x86/libkroll-v8.so
[DEBUG]  Adding lib/x86/libtiverify.so
[INFO]   Writing unsigned apk: E:\Windows\j0hN\Documents\Dropbox\appcelerator-workspace\TestAlloy\build\android\bin\app-unsigned.apk
[INFO]   Using MD5withRSA signature algorithm
[INFO]   Signing apk: C:\Program Files (x86)\Java\jdk1.7.0_80\bin\jarsigner.exe "-sigalg" "MD5withRSA" "-digestalg" "SHA1" "-keystore" "C:\ProgramData\Titanium\mobilesdk\win32\6.0.2.GA\android\dev_keystore" "-storepass" "*******" "-signedjar" "E:\Windows\j0hN\Documents\Dropbox\appcelerator-workspace\TestAlloy\build\android\bin\TestAlloy.apk" "E:\Windows\j0hN\Documents\Dropbox\appcelerator-workspace\TestAlloy\build\android\bin\app-unsigned.apk" "tidev"
[INFO]   Aligning zip file: C:\Users\Jonatan\build-tools\23.0.1\zipalign.exe "-v" "4" "E:\Windows\j0hN\Documents\Dropbox\appcelerator-workspace\TestAlloy\build\android\bin\TestAlloy.apk" "E:\Windows\j0hN\Documents\Dropbox\appcelerator-workspace\TestAlloy\build\android\bin\TestAlloy.apkz"
[INFO]   Writing build manifest: E:\Windows\j0hN\Documents\Dropbox\appcelerator-workspace\TestAlloy\build\android\build-manifest.json
[INFO]   Making sure the adb server is running
[INFO]   Installing apk: E:\Windows\j0hN\Documents\Dropbox\appcelerator-workspace\TestAlloy\build\android\bin\TestAlloy.apk
[INFO]   Installing app on device: Nexus 5X
[TRACE]  Checking if package manager service is started
[TRACE]  Package manager has started
[TRACE]  Executing: C:\Users\Jonatan\platform-tools\adb.exe -s 00ed55fd77481979 install -r -d E:\Windows\j0hN\Documents\Dropbox\appcelerator-workspace\TestAlloy\build\android\bin\TestAlloy.apk
[INFO]   App successfully installed
[INFO]   Starting app: com.jonatanjumbert.testalloy/.TestalloyActivity
[DEBUG]  Trying to start the app...
[INFO]   Application pid: 8256
[INFO]   Project built successfully in 1m 11s 712ms
